<?xml version="1.0" encoding="UTF-8"?>
<testsuite xmlns:xsi="http://www.w3.org/2001/XMLSchema-instance" xsi:noNamespaceSchemaLocation="https://maven.apache.org/surefire/maven-surefire-plugin/xsd/surefire-test-report.xsd" version="3.0.2" name="org.market.userservice.UserserviceApplicationTests" time="109.391" tests="1" errors="0" skipped="0" failures="0">
  <properties>
[...]
</properties>
  <testcase name="contextLoads" classname="org.market.userservice.UserserviceApplicationTests" time="0.416">
    <system-out><![CDATA[19:33:32.223 [main] INFO org.springframework.test.context.support.AnnotationConfigContextLoaderUtils -- Could not detect default configuration classes for test class [org.market.userservice.UserserviceApplicationTests]: UserserviceApplicationTests does not declare any static, non-private, non-final, nested classes annotated with @Configuration.
19:33:32.347 [main] INFO org.springframework.boot.test.context.SpringBootTestContextBootstrapper -- Found @SpringBootConfiguration org.market.userservice.UserserviceApplication for test class org.market.userservice.UserserviceApplicationTests

  .   ____          _            __ _ _
 /\\ / ___'_ __ _ _(_)_ __  __ _ \ \ \ \
( ( )\___ | '_ | '_| | '_ \/ _` | \ \ \ \
 \\/  ___)| |_)| | | | | || (_| |  ) ) ) )
  '  |____| .__|_| |_|_| |_\__, | / / / /
 =========|_|==============|___/=/_/_/_/

 :: Spring Boot ::                (v3.5.3)

2025-07-07T19:35:12.134+03:00  INFO 17608 --- [userservice] [           main] o.m.u.UserserviceApplicationTests        : Starting UserserviceApplicationTests using Java 21.0.6 with PID 17608 (started by ioana in D:\AWBD Microservices\userservice)
2025-07-07T19:35:12.137+03:00  INFO 17608 --- [userservice] [           main] o.m.u.UserserviceApplicationTests        : No active profile set, falling back to 1 default profile: "default"
2025-07-07T19:35:12.185+03:00  INFO 17608 --- [userservice] [           main] o.s.c.c.c.ConfigServerConfigDataLoader   : Fetching config from server at : http://localhost:8070/
2025-07-07T19:35:12.185+03:00  INFO 17608 --- [userservice] [           main] o.s.c.c.c.ConfigServerConfigDataLoader   : Exception on Url - http://localhost:8070/:org.springframework.web.client.ResourceAccessException: I/O error on GET request for "http://localhost:8070/userservice/default": Connection refused: getsockopt. Will be trying the next url if available
2025-07-07T19:35:12.185+03:00  WARN 17608 --- [userservice] [           main] o.s.c.c.c.ConfigServerConfigDataLoader   : Could not locate PropertySource ([ConfigServerConfigDataResource@11b377c5 uris = array<String>['http://localhost:8070/'], optional = true, profiles = 'default']): I/O error on GET request for "http://localhost:8070/userservice/default": Connection refused: getsockopt
2025-07-07T19:35:12.186+03:00  INFO 17608 --- [userservice] [           main] o.s.c.c.c.ConfigServerConfigDataLoader   : Fetching config from server at : http://localhost:8070/
2025-07-07T19:35:12.186+03:00  INFO 17608 --- [userservice] [           main] o.s.c.c.c.ConfigServerConfigDataLoader   : Exception on Url - http://localhost:8070/:org.springframework.web.client.ResourceAccessException: I/O error on GET request for "http://localhost:8070/userservice/default": Connection refused: getsockopt. Will be trying the next url if available
2025-07-07T19:35:12.186+03:00  WARN 17608 --- [userservice] [           main] o.s.c.c.c.ConfigServerConfigDataLoader   : Could not locate PropertySource ([ConfigServerConfigDataResource@3ed03652 uris = array<String>['http://localhost:8070/'], optional = true, profiles = 'default']): I/O error on GET request for "http://localhost:8070/userservice/default": Connection refused: getsockopt
2025-07-07T19:35:12.186+03:00  INFO 17608 --- [userservice] [           main] o.s.c.c.c.ConfigServerConfigDataLoader   : Fetching config from server at : http://localhost:8070/
2025-07-07T19:35:12.187+03:00  INFO 17608 --- [userservice] [           main] o.s.c.c.c.ConfigServerConfigDataLoader   : Exception on Url - http://localhost:8070/:org.springframework.web.client.ResourceAccessException: I/O error on GET request for "http://localhost:8070/userservice/default": Connection refused: getsockopt. Will be trying the next url if available
2025-07-07T19:35:12.187+03:00  WARN 17608 --- [userservice] [           main] o.s.c.c.c.ConfigServerConfigDataLoader   : Could not locate PropertySource ([ConfigServerConfigDataResource@4aedaf61 uris = array<String>['http://localhost:8070/'], optional = true, profiles = 'default']): I/O error on GET request for "http://localhost:8070/userservice/default": Connection refused: getsockopt
2025-07-07T19:35:14.199+03:00  INFO 17608 --- [userservice] [           main] .s.d.r.c.RepositoryConfigurationDelegate : Bootstrapping Spring Data JPA repositories in DEFAULT mode.
2025-07-07T19:35:14.564+03:00  INFO 17608 --- [userservice] [           main] .s.d.r.c.RepositoryConfigurationDelegate : Finished Spring Data repository scanning in 333 ms. Found 2 JPA repository interfaces.
2025-07-07T19:35:15.081+03:00  INFO 17608 --- [userservice] [           main] o.s.cloud.context.scope.GenericScope     : BeanFactory id=ae2df686-eb12-3b80-9ef8-c0fbad75f426
2025-07-07T19:35:15.785+03:00  INFO 17608 --- [userservice] [           main] com.zaxxer.hikari.HikariDataSource       : HikariPool-1 - Starting...
2025-07-07T19:35:16.181+03:00  INFO 17608 --- [userservice] [           main] com.zaxxer.hikari.pool.HikariPool        : HikariPool-1 - Added connection conn0: url=jdbc:h2:mem:877055d6-e41e-442b-b199-b32b605441c5 user=SA
2025-07-07T19:35:16.184+03:00  INFO 17608 --- [userservice] [           main] com.zaxxer.hikari.HikariDataSource       : HikariPool-1 - Start completed.
2025-07-07T19:35:16.252+03:00  INFO 17608 --- [userservice] [           main] o.hibernate.jpa.internal.util.LogHelper  : HHH000204: Processing PersistenceUnitInfo [name: default]
2025-07-07T19:35:16.333+03:00  INFO 17608 --- [userservice] [           main] org.hibernate.Version                    : HHH000412: Hibernate ORM core version 6.6.18.Final
2025-07-07T19:35:16.388+03:00  INFO 17608 --- [userservice] [           main] o.h.c.internal.RegionFactoryInitiator    : HHH000026: Second-level cache disabled
2025-07-07T19:35:16.686+03:00  INFO 17608 --- [userservice] [           main] o.s.o.j.p.SpringPersistenceUnitInfo      : No LoadTimeWeaver setup: ignoring JPA class transformer
2025-07-07T19:35:16.774+03:00  INFO 17608 --- [userservice] [           main] org.hibernate.orm.connections.pooling    : HHH10001005: Database info:
	Database JDBC URL [Connecting through datasource 'HikariDataSource (HikariPool-1)']
	Database driver: undefined/unknown
	Database version: 2.3.232
	Autocommit mode: undefined/unknown
	Isolation level: undefined/unknown
	Minimum pool size: undefined/unknown
	Maximum pool size: undefined/unknown
2025-07-07T19:35:17.902+03:00  INFO 17608 --- [userservice] [           main] o.h.e.t.j.p.i.JtaPlatformInitiator       : HHH000489: No JTA platform available (set 'hibernate.transaction.jta.platform' to enable JTA platform integration)
2025-07-07T19:35:17.969+03:00  INFO 17608 --- [userservice] [           main] j.LocalContainerEntityManagerFactoryBean : Initialized JPA EntityManagerFactory for persistence unit 'default'
2025-07-07T19:35:18.728+03:00  WARN 17608 --- [userservice] [           main] JpaBaseConfiguration$JpaWebConfiguration : spring.jpa.open-in-view is enabled by default. Therefore, database queries may be performed during view rendering. Explicitly configure spring.jpa.open-in-view to disable this warning
2025-07-07T19:35:19.534+03:00  INFO 17608 --- [userservice] [           main] o.s.b.a.e.web.EndpointLinksResolver      : Exposing 1 endpoint beneath base path '/actuator'
2025-07-07T19:35:20.389+03:00  INFO 17608 --- [userservice] [           main] DiscoveryClientOptionalArgsConfiguration : Eureka HTTP Client uses RestTemplate.
2025-07-07T19:35:20.455+03:00  WARN 17608 --- [userservice] [           main] iguration$LoadBalancerCaffeineWarnLogger : Spring Cloud LoadBalancer is currently working with the default cache. While this cache implementation is useful for development and tests, it's recommended to use Caffeine cache in production.You can switch to using Caffeine cache, by adding it and org.springframework.cache.caffeine.CaffeineCacheManager to the classpath.
2025-07-07T19:35:20.530+03:00  INFO 17608 --- [userservice] [           main] o.s.c.n.eureka.InstanceInfoFactory       : Setting initial instance status as: STARTING
2025-07-07T19:35:20.555+03:00  INFO 17608 --- [userservice] [           main] com.netflix.discovery.DiscoveryClient    : Initializing Eureka in region us-east-1
2025-07-07T19:35:20.559+03:00  INFO 17608 --- [userservice] [           main] c.n.d.s.r.aws.ConfigClusterResolver      : Resolving eureka endpoints via configuration
2025-07-07T19:35:20.567+03:00  INFO 17608 --- [userservice] [           main] com.netflix.discovery.DiscoveryClient    : Disable delta property : false
2025-07-07T19:35:20.567+03:00  INFO 17608 --- [userservice] [           main] com.netflix.discovery.DiscoveryClient    : Single vip registry refresh property : null
2025-07-07T19:35:20.568+03:00  INFO 17608 --- [userservice] [           main] com.netflix.discovery.DiscoveryClient    : Force full registry fetch : false
2025-07-07T19:35:20.568+03:00  INFO 17608 --- [userservice] [           main] com.netflix.discovery.DiscoveryClient    : Application is null : false
2025-07-07T19:35:20.568+03:00  INFO 17608 --- [userservice] [           main] com.netflix.discovery.DiscoveryClient    : Registered Applications size is zero : true
2025-07-07T19:35:20.568+03:00  INFO 17608 --- [userservice] [           main] com.netflix.discovery.DiscoveryClient    : Application version is -1: true
2025-07-07T19:35:20.568+03:00  INFO 17608 --- [userservice] [           main] com.netflix.discovery.DiscoveryClient    : Getting all instance registry info from the eureka server
2025-07-07T19:35:20.894+03:00  INFO 17608 --- [userservice] [           main] com.netflix.discovery.DiscoveryClient    : The response status is 200
2025-07-07T19:35:20.895+03:00  INFO 17608 --- [userservice] [           main] com.netflix.discovery.DiscoveryClient    : Starting heartbeat executor: renew interval is: 30
2025-07-07T19:35:20.897+03:00  INFO 17608 --- [userservice] [           main] c.n.discovery.InstanceInfoReplicator     : InstanceInfoReplicator onDemand update allowed rate per min is 4
2025-07-07T19:35:20.899+03:00  INFO 17608 --- [userservice] [           main] com.netflix.discovery.DiscoveryClient    : Discovery Client initialized at timestamp 1751906120898 with initial instances count: 0
2025-07-07T19:35:20.902+03:00  INFO 17608 --- [userservice] [           main] o.s.c.n.e.s.EurekaServiceRegistry        : Registering application USERSERVICE with eureka with status UP
2025-07-07T19:35:20.903+03:00  INFO 17608 --- [userservice] [           main] com.netflix.discovery.DiscoveryClient    : Saw local status change event StatusChangeEvent [timestamp=1751906120903, current=UP, previous=STARTING]
2025-07-07T19:35:20.905+03:00  INFO 17608 --- [userservice] [foReplicator-%d] com.netflix.discovery.DiscoveryClient    : DiscoveryClient_USERSERVICE/userservice:e39be64085cccec75c47738240e3aab5: registering service...
2025-07-07T19:35:20.920+03:00  INFO 17608 --- [userservice] [           main] o.m.u.UserserviceApplicationTests        : Started UserserviceApplicationTests in 108.265 seconds (process running for 109.588)
2025-07-07T19:35:20.954+03:00  INFO 17608 --- [userservice] [foReplicator-%d] com.netflix.discovery.DiscoveryClient    : DiscoveryClient_USERSERVICE/userservice:e39be64085cccec75c47738240e3aab5 - registration status: 204
]]></system-out>
    <system-err><![CDATA[Mockito is currently self-attaching to enable the inline-mock-maker. This will no longer work in future releases of the JDK. Please add Mockito as an agent to your build as described in Mockito's documentation: https://javadoc.io/doc/org.mockito/mockito-core/latest/org.mockito/org/mockito/Mockito.html#0.3
WARNING: A Java agent has been loaded dynamically (C:\Users\ioana\.m2\repository\net\bytebuddy\byte-buddy-agent\1.17.6\byte-buddy-agent-1.17.6.jar)
WARNING: If a serviceability tool is in use, please run with -XX:+EnableDynamicAgentLoading to hide this warning
WARNING: If a serviceability tool is not in use, please run with -Djdk.instrument.traceUsage for more information
WARNING: Dynamic loading of agents will be disallowed by default in a future release
]]></system-err>
  </testcase>
</testsuite>